<?xml version="1.0" encoding="UTF-8"?>
<!-- Generated by org.testng.reporters.JUnitReportReporter -->
<testsuite hostname="Basavaraj" failures="0" tests="4" name="com.amazon.addtocart.Amazonaddtocart" time="22.214" errors="0" timestamp="2022-10-17T10:17:03 IST" skipped="0">
  <testcase classname="com.amazon.addtocart.Amazonaddtocart" name="launchBrowser" time="4.729"/>
  <system-out/>
  <testcase classname="com.amazon.addtocart.Amazonaddtocart" name="navigate" time="7.116"/>
  <system-out/>
  <testcase classname="com.amazon.addtocart.Amazonaddtocart" name="selectitem" time="10.358"/>
  <system-out/>
  <testcase classname="com.amazon.addtocart.Amazonaddtocart" name="writedatatocsv" time="0.011"/>
  <system-out/>
</testsuite> <!-- com.amazon.addtocart.Amazonaddtocart -->
