<?xml version="1.0" encoding="UTF-8"?>
<!-- Generated by org.testng.reporters.JUnitReportReporter -->
<testsuite hostname="Basavaraj" failures="0" tests="4" name="com.amazon.addtocart.Amazonaddtocart" time="37.208" errors="0" timestamp="2022-10-17T11:33:52 IST" skipped="0">
  <testcase classname="com.amazon.addtocart.Amazonaddtocart" name="launchBrowser" time="10.507"/>
  <system-out/>
  <testcase classname="com.amazon.addtocart.Amazonaddtocart" name="navigate" time="10.112"/>
  <system-out/>
  <testcase classname="com.amazon.addtocart.Amazonaddtocart" name="selectitem" time="16.582"/>
  <system-out/>
  <testcase classname="com.amazon.addtocart.Amazonaddtocart" name="writedatatocsv" time="0.007"/>
  <system-out/>
</testsuite> <!-- com.amazon.addtocart.Amazonaddtocart -->
